1(1)    sym # : 17
3(1)    sym # : 18
5(1)    sym # : 19
7(1)    sym # : 20
9(1)    sym # : 22
11(1)    sym # : 23
13(1)    sym # : 41
15(1)    sym # : 21
17(1)    sym # : 28
19(1)    sym # : 29
21(1)    sym # : 30
23(1)    sym # : 31
25(1)    sym # : 32
27(1)    sym # : 37
29(1)    sym # : 38
31(1)    sym # : 26
34(1)    sym # : 27
37(1)    sym # : 33
40(1)    sym # : 34
43(1)    sym # : 35
46(1)    sym # : 36
49(1)    sym # : 39
52(1)    sym # : 40
55(1)    sym # : 17
57(1)    sym # : 24
60(1)    sym # : 25
1(2)    sym # : 2
6(2)    sym # : 3
10(2)    sym # : 4
15(2)    sym # : 5
20(2)    sym # : 6
26(2)    sym # : 7
33(2)    sym # : 8
37(2)    sym # : 9
42(2)    sym # : 10
45(2)    sym # : 11
50(2)    sym # : 12
56(2)    sym # : 13
1(3)    sym # : 14
12(3)    sym # : 14
1(4)    sym # : 16
25(4)    sym # : 16
49(4)    sym # : 16
1(5)    sym # : 16
27(5)    sym # : 16
1(6)    sym # : 16
46(6)    sym # : 16
1(9)    sym # : 15
9(10)    sym # : 16
